1_1_WELCOME--2019-06-30T14:20:20.962
1_1_WAITING--WELCOME--2019-06-30T14:20:21.025
1_1_BETTURN--1661,50--10,00--2019-06-30T14:20:21.049
1_1_BETINFO--OK--1641,50--2019-06-30T14:20:26.257
1_1_NEWROUND--1641,50--2019-06-30T14:20:26.258
1_1_CLEARHAND--0--2019-06-30T14:20:26.259
1_1_PLAYERCARD--0--FOUR_OF_HEARTS--2019-06-30T14:20:26.259
1_1_NEWDEALERCARD--QUEEN_OF_HEARTS--2019-06-30T14:20:26.26
1_1_PLAYERCARD--0--TWO_OF_HEARTS--2019-06-30T14:20:26.261
1_1_NEWDEALERCARD--BACKSIDE--2019-06-30T14:20:26.262
1_1_VALUE--0--6--2019-06-30T14:20:26.262
1_1_BET--0--20,00--2019-06-30T14:20:26.263
1_1_YOURTURN--2019-06-30T14:20:26.265
1_1_VALUE--0--6--2019-06-30T14:20:26.266
1_1_MOVEOPTION--DOUBLE--0--2019-06-30T14:20:26.266
1_1_PLAYERCARD--0--FIVE_OF_CLUBS--2019-06-30T14:20:33.433
1_1_VALUE--0--11--2019-06-30T14:20:33.433
1_1_MOVEOPTION--HITSTAY--0--2019-06-30T14:20:33.434
1_1_PLAYERCARD--0--QUEEN_OF_CLUBS--2019-06-30T14:20:35.624
1_1_VALUE--0--21--2019-06-30T14:20:35.625
1_1_VALUE--0--21--2019-06-30T14:20:35.625
1_1_MOVEOPTION--HITSTAY--0--2019-06-30T14:20:35.626
1_1_VALUE--0--21--2019-06-30T14:20:38.615
1_1_RESULT--2019-06-30T14:20:38.615
1_1_REMOVEHIDDENCARD--2019-06-30T14:20:38.615
1_1_NEWDEALERCARD--EIGHT_OF_CLUBS--2019-06-30T14:20:38.616
1_1_DEALERVALUE--18--2019-06-30T14:20:38.616
1_1_HAVEBLACKJACK--NODEALER--2019-06-30T14:20:38.616
1_1_VALUE--0--21--2019-06-30T14:20:38.618
1_1_WINNERS--NORMAL--PLAYER--0--1681,50--2019-06-30T14:20:38.619
1_1_CONTINUE--2019-06-30T14:20:38.619
1_1_GAMEOVER--1681,50--2019-06-30T14:20:50.173
